<?xml version="1.0" encoding="UTF-8"?>
<!-- Generated by org.testng.reporters.JUnitReportReporter -->
<testsuite skipped="0" hostname="Ashwin" name="wordpress.maven.demo.TestMaven" tests="1" failures="0" timestamp="2020-07-22T00:12:53 IST" time="0.023" errors="0">
  <testcase name="test" time="0.023" classname="wordpress.maven.demo.TestMaven"/>
</testsuite> <!-- wordpress.maven.demo.TestMaven -->
