<?xml version="1.0" encoding="UTF-8"?>
<!-- Generated by org.testng.reporters.JUnitReportReporter -->
<testsuite skipped="0" hostname="Ashwin" name="com.wordpress.testcases.LoginWordpress" tests="1" failures="0" timestamp="2020-07-24T12:04:51 IST" time="12.577" errors="0">
  <testcase name="wordpressLogin" time="12.577" classname="com.wordpress.testcases.LoginWordpress"/>
</testsuite> <!-- com.wordpress.testcases.LoginWordpress -->
