<?xml version="1.0" encoding="UTF-8"?>
<!-- Generated by org.testng.reporters.JUnitReportReporter -->
<testsuite skipped="0" hostname="Ashwin" name="com.wordpress.testcases.LoginWordpress" tests="1" failures="0" timestamp="2020-07-23T00:15:03 IST" time="7.666" errors="0">
  <testcase name="wordpressLogin" time="7.666" classname="com.wordpress.testcases.LoginWordpress"/>
</testsuite> <!-- com.wordpress.testcases.LoginWordpress -->
